# JRE version: Java(TM) SE Runtime Environment (8.0_111-b14) (build 1.8.0_111-b14)
# Java VM: Java HotSpot(TM) 64-Bit Server VM (25.111-b14 mixed mode windows-amd64 compressed oops)
Heap:
 PSYoungGen      total 3584K, used 1193K [0x00000000d5d80000, 0x00000000d6180000, 0x0000000100000000)
  eden space 3072K, 22% used [0x00000000d5d80000,0x00000000d5e2ab90,0x00000000d6080000)
  from space 512K, 99% used [0x00000000d6100000,0x00000000d617fc20,0x00000000d6180000)
  to   space 512K, 0% used [0x00000000d6080000,0x00000000d6080000,0x00000000d6100000)
 ParOldGen       total 5632K, used 647K [0x0000000081800000, 0x0000000081d80000, 0x00000000d5d80000)
  object space 5632K, 11% used [0x0000000081800000,0x00000000818a1ed8,0x0000000081d80000)
 Metaspace       used 5392K, capacity 6484K, committed 6656K, reserved 1056768K
  class space    used 680K, capacity 720K, committed 768K, reserved 1048576K
GC Heap History (8 events):
Event: 0.204 GC heap before
{Heap before GC invocations=1 (full 0):
 PSYoungGen      total 2048K, used 1536K [0x00000000d5d80000, 0x00000000d6000000, 0x0000000100000000)
  eden space 1536K, 100% used [0x00000000d5d80000,0x00000000d5f00000,0x00000000d5f00000)
  from space 512K, 0% used [0x00000000d5f80000,0x00000000d5f80000,0x00000000d6000000)
  to   space 512K, 0% used [0x00000000d5f00000,0x00000000d5f00000,0x00000000d5f80000)
 ParOldGen       total 5632K, used 0K [0x0000000081800000, 0x0000000081d80000, 0x00000000d5d80000)
  object space 5632K, 0% used [0x0000000081800000,0x0000000081800000,0x0000000081d80000)
 Metaspace       used 3473K, capacity 4812K, committed 5120K, reserved 1056768K
  class space    used 405K, capacity 456K, committed 512K, reserved 1048576K
Event: 0.206 GC heap after
Heap after GC invocations=1 (full 0):
 PSYoungGen      total 2048K, used 496K [0x00000000d5d80000, 0x00000000d6000000, 0x0000000100000000)
  eden space 1536K, 0% used [0x00000000d5d80000,0x00000000d5d80000,0x00000000d5f00000)
  from space 512K, 96% used [0x00000000d5f00000,0x00000000d5f7c010,0x00000000d5f80000)
  to   space 512K, 0% used [0x00000000d5f80000,0x00000000d5f80000,0x00000000d6000000)
 ParOldGen       total 5632K, used 48K [0x0000000081800000, 0x0000000081d80000, 0x00000000d5d80000)
  object space 5632K, 0% used [0x0000000081800000,0x000000008180c000,0x0000000081d80000)
 Metaspace       used 3473K, capacity 4812K, committed 5120K, reserved 1056768K
  class space    used 405K, capacity 456K, committed 512K, reserved 1048576K
}
Event: 0.265 GC heap before
{Heap before GC invocations=2 (full 0):
 PSYoungGen      total 2048K, used 2032K [0x00000000d5d80000, 0x00000000d6000000, 0x0000000100000000)
  eden space 1536K, 100% used [0x00000000d5d80000,0x00000000d5f00000,0x00000000d5f00000)
  from space 512K, 96% used [0x00000000d5f00000,0x00000000d5f7c010,0x00000000d5f80000)
  to   space 512K, 0% used [0x00000000d5f80000,0x00000000d5f80000,0x00000000d6000000)
 ParOldGen       total 5632K, used 48K [0x0000000081800000, 0x0000000081d80000, 0x00000000d5d80000)
  object space 5632K, 0% used [0x0000000081800000,0x000000008180c000,0x0000000081d80000)
 Metaspace       used 4206K, capacity 5392K, committed 5760K, reserved 1056768K
  class space    used 505K, capacity 524K, committed 640K, reserved 1048576K
Event: 0.268 GC heap after
Heap after GC invocations=2 (full 0):
 PSYoungGen      total 2048K, used 496K [0x00000000d5d80000, 0x00000000d6180000, 0x0000000100000000)
  eden space 1536K, 0% used [0x00000000d5d80000,0x00000000d5d80000,0x00000000d5f00000)
  from space 512K, 96% used [0x00000000d5f80000,0x00000000d5ffc010,0x00000000d6000000)
  to   space 512K, 0% used [0x00000000d5f00000,0x00000000d5f00000,0x00000000d5f80000)
 ParOldGen       total 5632K, used 128K [0x0000000081800000, 0x0000000081d80000, 0x00000000d5d80000)
  object space 5632K, 2% used [0x0000000081800000,0x0000000081820000,0x0000000081d80000)
 Metaspace       used 4206K, capacity 5392K, committed 5760K, reserved 1056768K
  class space    used 505K, capacity 524K, committed 640K, reserved 1048576K
}
Event: 0.399 GC heap before
{Heap before GC invocations=3 (full 0):
 PSYoungGen      total 2048K, used 2032K [0x00000000d5d80000, 0x00000000d6180000, 0x0000000100000000)
  eden space 1536K, 100% used [0x00000000d5d80000,0x00000000d5f00000,0x00000000d5f00000)
  from space 512K, 96% used [0x00000000d5f80000,0x00000000d5ffc010,0x00000000d6000000)
  to   space 512K, 0% used [0x00000000d5f00000,0x00000000d5f00000,0x00000000d5f80000)
 ParOldGen       total 5632K, used 128K [0x0000000081800000, 0x0000000081d80000, 0x00000000d5d80000)
  object space 5632K, 2% used [0x0000000081800000,0x0000000081820000,0x0000000081d80000)
 Metaspace       used 4703K, capacity 5876K, committed 6016K, reserved 1056768K
  class space    used 584K, capacity 624K, committed 640K, reserved 1048576K
Event: 0.403 GC heap after
Heap after GC invocations=3 (full 0):
 PSYoungGen      total 2048K, used 480K [0x00000000d5d80000, 0x00000000d6180000, 0x0000000100000000)
  eden space 1536K, 0% used [0x00000000d5d80000,0x00000000d5d80000,0x00000000d5f00000)
  from space 512K, 93% used [0x00000000d5f00000,0x00000000d5f78010,0x00000000d5f80000)
  to   space 512K, 0% used [0x00000000d6100000,0x00000000d6100000,0x00000000d6180000)
 ParOldGen       total 5632K, used 546K [0x0000000081800000, 0x0000000081d80000, 0x00000000d5d80000)
  object space 5632K, 9% used [0x0000000081800000,0x0000000081888bf0,0x0000000081d80000)
 Metaspace       used 4703K, capacity 5876K, committed 6016K, reserved 1056768K
  class space    used 584K, capacity 624K, committed 640K, reserved 1048576K
}
Event: 0.472 GC heap before
{Heap before GC invocations=4 (full 0):
 PSYoungGen      total 2048K, used 1915K [0x00000000d5d80000, 0x00000000d6180000, 0x0000000100000000)
  eden space 1536K, 93% used [0x00000000d5d80000,0x00000000d5ee6e20,0x00000000d5f00000)
  from space 512K, 93% used [0x00000000d5f00000,0x00000000d5f78010,0x00000000d5f80000)
  to   space 512K, 0% used [0x00000000d6100000,0x00000000d6100000,0x00000000d6180000)
 ParOldGen       total 5632K, used 546K [0x0000000081800000, 0x0000000081d80000, 0x00000000d5d80000)
  object space 5632K, 9% used [0x0000000081800000,0x0000000081888bf0,0x0000000081d80000)
 Metaspace       used 5162K, capacity 6324K, committed 6656K, reserved 1056768K
  class space    used 640K, capacity 688K, committed 768K, reserved 1048576K
Event: 0.473 GC heap after
Heap after GC invocations=4 (full 0):
 PSYoungGen      total 3584K, used 511K [0x00000000d5d80000, 0x00000000d6180000, 0x0000000100000000)
  eden space 3072K, 0% used [0x00000000d5d80000,0x00000000d5d80000,0x00000000d6080000)
  from space 512K, 99% used [0x00000000d6100000,0x00000000d617fc20,0x00000000d6180000)
  to   space 512K, 0% used [0x00000000d6080000,0x00000000d6080000,0x00000000d6100000)
 ParOldGen       total 5632K, used 647K [0x0000000081800000, 0x0000000081d80000, 0x00000000d5d80000)
  object space 5632K, 11% used [0x0000000081800000,0x00000000818a1ed8,0x0000000081d80000)
 Metaspace       used 5162K, capacity 6324K, committed 6656K, reserved 1056768K
  class space    used 640K, capacity 688K, committed 768K, reserved 1048576K
}

